<?xml version="1.0" encoding="UTF-8"?>
<testsuite name="com.mycompany.app.AppTest" tests="2" skipped="0" failures="0" errors="0" timestamp="2021-09-06T11:28:43" hostname="LAPTOP-FC9IOGAG" time="0.013">
  <properties/>
  <testcase name="testAppMain" classname="com.mycompany.app.AppTest" time="0.013"/>
  <testcase name="testAppConstructor" classname="com.mycompany.app.AppTest" time="0.0"/>
  <system-out><![CDATA[]]></system-out>
  <system-err><![CDATA[]]></system-err>
</testsuite>
